#
# A fatal error has been detected by the Java Runtime Environment:
#
#  EXCEPTION_ACCESS_VIOLATION (0xc0000005) at pc=0x000000005a4a5482, pid=14128, tid=0x0000000000003acc
#
# JRE version: OpenJDK Runtime Environment (8.0_112-b06) (build 1.8.0_112-release-b06)
# Java VM: OpenJDK 64-Bit Server VM (25.112-b06 mixed mode windows-amd64 compressed oops)
# Problematic frame:
# V  [jvm.dll+0x2a5482]
#
# Failed to write core dump. Minidumps are not enabled by default on client versions of Windows
#
# If you would like to submit a bug report, please visit:
#   http://bugreport.java.com/bugreport/crash.jsp
#

---------------  T H R E A D  ---------------

Current thread (0x0000000016357800):  VMThread [stack: 0x0000000018040000,0x0000000018140000] [id=15052]

siginfo: ExceptionCode=0xc0000005, reading address 0x000000003052f408

Registers:
RAX=0x000000003052f3a0, RBX=0x000000001813f2e0, RCX=0x000000001813f310, RDX=0x000000001813f2e0
RSP=0x000000001813f250, RBP=0x0000000000000000, RSI=0x0000000000000008, RDI=0x000000001813f340
R8 =0x000000001813f340, R9 =0x000000000000000e, R10=0x000000005a7b4fd8, R11=0x00000000030eaa7b
R12=0x0000000000000000, R13=0x0000000000000000, R14=0x0000000000000000, R15=0x431bde82d7b634db
RIP=0x000000005a4a5482, EFLAGS=0x0000000000010202

Top of Stack: (sp=0x000000001813f250)
0x000000001813f250:   0000000000000000 000000005a411812
0x000000001813f260:   000000001813f310 ffffffffffffffff
0x000000001813f270:   0000000000000000 0000000000000000
0x000000001813f280:   000000005a96a298 000000005a4a588b
0x000000001813f290:   000000001813f2e0 0000000000000000
0x000000001813f2a0:   0000000000000008 000000003052f3a0
0x000000001813f2b0:   0000000021b8f800 000000005a4187a4
0x000000001813f2c0:   0000000021b8f800 000000005a96a298
0x000000001813f2d0:   00000000024b1180 000000005a5bd4a7
0x000000001813f2e0:   000000000244f730 00000000025a061a
0x000000001813f2f0:   00000000025a04d0 0000000000000000
0x000000001813f300:   000000000244f810 000000000244f730
0x000000001813f310:   000000003052f3a0 00000000030eaa7b
0x000000001813f320:   00000000030ea8d0 0000000000000000
0x000000001813f330:   0000000000000000 000000003052f3a0
0x000000001813f340:   0000000030b2f398 0000000030b2f39c 

Instructions: (pc=0x000000005a4a5482)
0x000000005a4a5462:   41 55 48 83 ec 20 41 80 b8 b0 05 00 00 00 48 8b
0x000000005a4a5472:   41 10 49 8b f8 4c 63 48 2c 48 8b 41 28 48 8b da
0x000000005a4a5482:   4e 8b 6c c8 f8 4a 8d 34 c8 48 8b e9 74 3c 48 8b
0x000000005a4a5492:   49 10 49 8b 90 a8 05 00 00 48 8b 01 ff 90 88 00 


Register to memory mapping:

RAX=0x000000003052f3a0 is pointing into the stack for thread: 0x0000000021b8f800
RBX=0x000000001813f2e0 is an unknown value
RCX=0x000000001813f310 is an unknown value
RDX=0x000000001813f2e0 is an unknown value
RSP=0x000000001813f250 is an unknown value
RBP=0x0000000000000000 is an unknown value
RSI=0x0000000000000008 is an unknown value
RDI=0x000000001813f340 is an unknown value
R8 =0x000000001813f340 is an unknown value
R9 =0x000000000000000e is an unknown value
R10=0x000000005a7b4fd8 is an unknown value
R11=0x00000000030eaa7b is at entry_point+59 in (nmethod*)0x00000000030ea8d0
R12=0x0000000000000000 is an unknown value
R13=0x0000000000000000 is an unknown value
R14=0x0000000000000000 is an unknown value
R15=0x431bde82d7b634db is an unknown value


Stack: [0x0000000018040000,0x0000000018140000],  sp=0x000000001813f250,  free space=1020k
Native frames: (J=compiled Java code, j=interpreted, Vv=VM code, C=native code)

VM_Operation (0x000000003012aa40): Deoptimize, mode: safepoint, requested by thread 0x0000000021b8c800


---------------  P R O C E S S  ---------------

Java Threads: ( => current thread )
  0x0000000021b8f800 JavaThread "pool-67-thread-1" [_thread_blocked, id=7092, stack(0x0000000030430000,0x0000000030530000)]
  0x0000000021b8e800 JavaThread "Cache update executor" [_thread_blocked, id=10072, stack(0x0000000030330000,0x0000000030430000)]
  0x0000000021b8d000 JavaThread "Stdin handler" [_thread_blocked, id=15692, stack(0x0000000030230000,0x0000000030330000)]
  0x0000000021b8a000 JavaThread "Asynchronous log dispatcher for DefaultDaemonConnection: socket connection from /127.0.0.1:59907 to /127.0.0.1:60470" [_thread_blocked, id=5176, stack(0x0000000030130000,0x0000000030230000)]
  0x0000000021b8c800 JavaThread "Daemon worker Thread 11" [_thread_blocked, id=16460, stack(0x0000000030030000,0x0000000030130000)]
  0x0000000021b91000 JavaThread "Cancel handler" [_thread_blocked, id=7016, stack(0x000000002ff30000,0x0000000030030000)]
  0x0000000021b90000 JavaThread "Handler for socket connection from /127.0.0.1:59907 to /127.0.0.1:60470" [_thread_in_native, id=15976, stack(0x000000002fe30000,0x000000002ff30000)]
  0x0000000021b8e000 JavaThread "Daemon Thread 11" [_thread_blocked, id=3488, stack(0x000000002fd30000,0x000000002fe30000)]
  0x000000001d5c9800 JavaThread "pool-5-thread-4" [_thread_blocked, id=7232, stack(0x0000000027530000,0x0000000027630000)]
  0x000000001d5cc800 JavaThread "pool-5-thread-3" [_thread_blocked, id=18276, stack(0x0000000026f30000,0x0000000027030000)]
  0x000000001ecba000 JavaThread "pool-5-thread-2" [_thread_blocked, id=11364, stack(0x0000000026030000,0x0000000026130000)]
  0x000000001ecb7000 JavaThread "pool-5-thread-1" [_thread_blocked, id=7828, stack(0x0000000025830000,0x0000000025930000)]
  0x000000001d5cc000 JavaThread "File lock request listener" [_thread_in_native, id=1844, stack(0x000000001f1a0000,0x000000001f2a0000)]
  0x000000001a10a800 JavaThread "pool-1-thread-1" [_thread_blocked, id=7848, stack(0x000000001b630000,0x000000001b730000)]
  0x000000001a529000 JavaThread "Incoming local TCP Connector on port 59907" [_thread_in_native, id=11140, stack(0x000000001a800000,0x000000001a900000)]
  0x000000001827f000 JavaThread "Service Thread" daemon [_thread_blocked, id=9160, stack(0x0000000018e30000,0x0000000018f30000)]
  0x000000001826f800 JavaThread "C1 CompilerThread3" daemon [_thread_blocked, id=17192, stack(0x0000000018d30000,0x0000000018e30000)]
  0x000000001826b800 JavaThread "C2 CompilerThread2" daemon [_thread_blocked, id=8012, stack(0x0000000018c30000,0x0000000018d30000)]
  0x0000000018269000 JavaThread "C2 CompilerThread1" daemon [_thread_blocked, id=16680, stack(0x0000000018b30000,0x0000000018c30000)]
  0x0000000018266000 JavaThread "C2 CompilerThread0" daemon [_thread_blocked, id=9724, stack(0x0000000018a30000,0x0000000018b30000)]
  0x0000000018265000 JavaThread "Attach Listener" daemon [_thread_blocked, id=18260, stack(0x0000000018930000,0x0000000018a30000)]
  0x0000000018264000 JavaThread "Signal Dispatcher" daemon [_thread_blocked, id=15888, stack(0x0000000018830000,0x0000000018930000)]
  0x0000000018260800 JavaThread "Finalizer" daemon [_thread_blocked, id=9376, stack(0x0000000018640000,0x0000000018740000)]
  0x000000001635a800 JavaThread "Reference Handler" daemon [_thread_blocked, id=184, stack(0x0000000018140000,0x0000000018240000)]
  0x00000000024a0800 JavaThread "main" [_thread_blocked, id=15960, stack(0x0000000002350000,0x0000000002450000)]

Other Threads:
=>0x0000000016357800 VMThread [stack: 0x0000000018040000,0x0000000018140000] [id=15052]
  0x0000000018280000 WatcherThread [stack: 0x0000000018f30000,0x0000000019030000] [id=4316]

VM state:at safepoint (normal execution)

VM Mutex/Monitor currently owned by a thread:  ([mutex/lock_event])
[0x0000000000b3be90] Safepoint_lock - owner thread: 0x0000000016357800
[0x0000000000b3b910] Threads_lock - owner thread: 0x0000000016357800
[0x0000000000b3cb20] Compile_lock - owner thread: 0x0000000021b8c800

Heap:
 PSYoungGen      total 122368K, used 27363K [0x00000000e0000000, 0x00000000e9580000, 0x0000000100000000)
  eden space 101888K, 6% used [0x00000000e0000000,0x00000000e06f2c00,0x00000000e6380000)
  from space 20480K, 98% used [0x00000000e6580000,0x00000000e7946030,0x00000000e7980000)
  to   space 25600K, 0% used [0x00000000e7c80000,0x00000000e7c80000,0x00000000e9580000)
 ParOldGen       total 167424K, used 48452K [0x00000000a0000000, 0x00000000aa380000, 0x00000000e0000000)
  object space 167424K, 28% used [0x00000000a0000000,0x00000000a2f51028,0x00000000aa380000)
 Metaspace       used 68815K, capacity 72404K, committed 72704K, reserved 1112064K
  class space    used 8591K, capacity 9115K, committed 9216K, reserved 1048576K

Card table byte_map: [0x0000000011960000,0x0000000011c70000] byte_map_base: 0x0000000011460000

Marking Bits: (ParMarkBitMap*) 0x000000005a9c18f0
 Begin Bits: [0x0000000012670000, 0x0000000013e70000)
 End Bits:   [0x0000000013e70000, 0x0000000015670000)

Polling page: 0x0000000000b40000

CodeCache: size=245760Kb used=51168Kb max_used=51325Kb free=194591Kb
 bounds [0x00000000025a0000, 0x0000000005810000, 0x00000000115a0000]
 total_blobs=15202 nmethods=14411 adapters=703
 compilation: enabled

Compilation events (10 events):
Event: 4091.473 Thread 0x000000001826f800 nmethod 17869 0x0000000003c5c410 code [0x0000000003c5c5e0, 0x0000000003c5cf28]
Event: 4091.474 Thread 0x000000001826f800 17870       3       java.io.StringWriter::write (17 bytes)
Event: 4091.474 Thread 0x000000001826f800 nmethod 17870 0x0000000002ffd290 code [0x0000000002ffd420, 0x0000000002ffd8f8]
Event: 4091.475 Thread 0x000000001826b800 nmethod 17864 0x00000000030061d0 code [0x0000000003006360, 0x0000000003006e48]
Event: 4091.475 Thread 0x000000001826f800 17871       3       java.lang.StackTraceElement::toString (140 bytes)
Event: 4091.476 Thread 0x000000001826f800 nmethod 17871 0x0000000003e9de10 code [0x0000000003e9e140, 0x0000000003e9fd88]
Event: 4091.477 Thread 0x000000001826f800 17872       3       java.lang.StackTraceElement::isNativeMethod (15 bytes)
Event: 4091.477 Thread 0x000000001826f800 nmethod 17872 0x0000000003634550 code [0x00000000036346a0, 0x0000000003634850]
Event: 4091.478 Thread 0x000000001826f800 17874       1       java.lang.StackTraceElement::getLineNumber (5 bytes)
Event: 4091.478 Thread 0x000000001826f800 nmethod 17874 0x00000000037b5350 code [0x00000000037b54a0, 0x00000000037b55b0]

GC Heap History (10 events):
Event: 3967.915 GC heap before
{Heap before GC invocations=30 (full 3):
 PSYoungGen      total 135168K, used 130501K [0x00000000e0000000, 0x00000000e9e80000, 0x0000000100000000)
  eden space 113152K, 100% used [0x00000000e0000000,0x00000000e6e80000,0x00000000e6e80000)
  from space 22016K, 78% used [0x00000000e8900000,0x00000000e99f17e8,0x00000000e9e80000)
  to   space 24576K, 0% used [0x00000000e6e80000,0x00000000e6e80000,0x00000000e8680000)
 ParOldGen       total 167424K, used 43410K [0x00000000a0000000, 0x00000000aa380000, 0x00000000e0000000)
  object space 167424K, 25% used [0x00000000a0000000,0x00000000a2a649f8,0x00000000aa380000)
 Metaspace       used 68422K, capacity 71846K, committed 72064K, reserved 1112064K
  class space    used 8569K, capacity 9068K, committed 9088K, reserved 1048576K
Event: 3967.921 GC heap after
Heap after GC invocations=30 (full 3):
 PSYoungGen      total 119808K, used 8878K [0x00000000e0000000, 0x00000000e9c00000, 0x0000000100000000)
  eden space 110592K, 0% used [0x00000000e0000000,0x00000000e0000000,0x00000000e6c00000)
  from space 9216K, 96% used [0x00000000e6e80000,0x00000000e772b9a8,0x00000000e7780000)
  to   space 24576K, 0% used [0x00000000e8400000,0x00000000e8400000,0x00000000e9c00000)
 ParOldGen       total 167424K, used 44997K [0x00000000a0000000, 0x00000000aa380000, 0x00000000e0000000)
  object space 167424K, 26% used [0x00000000a0000000,0x00000000a2bf1480,0x00000000aa380000)
 Metaspace       used 68422K, capacity 71846K, committed 72064K, reserved 1112064K
  class space    used 8569K, capacity 9068K, committed 9088K, reserved 1048576K
}
Event: 3968.881 GC heap before
{Heap before GC invocations=31 (full 3):
 PSYoungGen      total 119808K, used 119470K [0x00000000e0000000, 0x00000000e9c00000, 0x0000000100000000)
  eden space 110592K, 100% used [0x00000000e0000000,0x00000000e6c00000,0x00000000e6c00000)
  from space 9216K, 96% used [0x00000000e6e80000,0x00000000e772b9a8,0x00000000e7780000)
  to   space 24576K, 0% used [0x00000000e8400000,0x00000000e8400000,0x00000000e9c00000)
 ParOldGen       total 167424K, used 44997K [0x00000000a0000000, 0x00000000aa380000, 0x00000000e0000000)
  object space 167424K, 26% used [0x00000000a0000000,0x00000000a2bf1480,0x00000000aa380000)
 Metaspace       used 68564K, capacity 71982K, committed 72064K, reserved 1112064K
  class space    used 8570K, capacity 9068K, committed 9088K, reserved 1048576K
Event: 3968.889 GC heap after
Heap after GC invocations=31 (full 3):
 PSYoungGen      total 128000K, used 13354K [0x00000000e0000000, 0x00000000e9780000, 0x0000000100000000)
  eden space 108032K, 0% used [0x00000000e0000000,0x00000000e0000000,0x00000000e6980000)
  from space 19968K, 66% used [0x00000000e8400000,0x00000000e910a8c0,0x00000000e9780000)
  to   space 23552K, 0% used [0x00000000e6980000,0x00000000e6980000,0x00000000e8080000)
 ParOldGen       total 167424K, used 47663K [0x00000000a0000000, 0x00000000aa380000, 0x00000000e0000000)
  object space 167424K, 28% used [0x00000000a0000000,0x00000000a2e8bfd8,0x00000000aa380000)
 Metaspace       used 68564K, capacity 71982K, committed 72064K, reserved 1112064K
  class space    used 8570K, capacity 9068K, committed 9088K, reserved 1048576K
}
Event: 4085.271 GC heap before
{Heap before GC invocations=32 (full 3):
 PSYoungGen      total 128000K, used 121386K [0x00000000e0000000, 0x00000000e9780000, 0x0000000100000000)
  eden space 108032K, 100% used [0x00000000e0000000,0x00000000e6980000,0x00000000e6980000)
  from space 19968K, 66% used [0x00000000e8400000,0x00000000e910a8c0,0x00000000e9780000)
  to   space 23552K, 0% used [0x00000000e6980000,0x00000000e6980000,0x00000000e8080000)
 ParOldGen       total 167424K, used 47663K [0x00000000a0000000, 0x00000000aa380000, 0x00000000e0000000)
  object space 167424K, 28% used [0x00000000a0000000,0x00000000a2e8bfd8,0x00000000aa380000)
 Metaspace       used 68624K, capacity 72076K, committed 72320K, reserved 1112064K
  class space    used 8578K, capacity 9077K, committed 9088K, reserved 1048576K
Event: 4085.275 GC heap after
Heap after GC invocations=32 (full 3):
 PSYoungGen      total 112128K, used 5701K [0x00000000e0000000, 0x00000000e9680000, 0x0000000100000000)
  eden space 105984K, 0% used [0x00000000e0000000,0x00000000e0000000,0x00000000e6780000)
  from space 6144K, 92% used [0x00000000e6980000,0x00000000e6f11468,0x00000000e6f80000)
  to   space 24064K, 0% used [0x00000000e7f00000,0x00000000e7f00000,0x00000000e9680000)
 ParOldGen       total 167424K, used 48071K [0x00000000a0000000, 0x00000000aa380000, 0x00000000e0000000)
  object space 167424K, 28% used [0x00000000a0000000,0x00000000a2ef1ff8,0x00000000aa380000)
 Metaspace       used 68624K, capacity 72076K, committed 72320K, reserved 1112064K
  class space    used 8578K, capacity 9077K, committed 9088K, reserved 1048576K
}
Event: 4086.198 GC heap before
{Heap before GC invocations=33 (full 3):
 PSYoungGen      total 112128K, used 110095K [0x00000000e0000000, 0x00000000e9680000, 0x0000000100000000)
  eden space 105984K, 98% used [0x00000000e0000000,0x00000000e65f2ad8,0x00000000e6780000)
  from space 6144K, 92% used [0x00000000e6980000,0x00000000e6f11468,0x00000000e6f80000)
  to   space 24064K, 0% used [0x00000000e7f00000,0x00000000e7f00000,0x00000000e9680000)
 ParOldGen       total 167424K, used 48071K [0x00000000a0000000, 0x00000000aa380000, 0x00000000e0000000)
  object space 167424K, 28% used [0x00000000a0000000,0x00000000a2ef1ff8,0x00000000aa380000)
 Metaspace       used 68739K, capacity 72336K, committed 72576K, reserved 1112064K
  class space    used 8578K, capacity 9077K, committed 9088K, reserved 1048576K
Event: 4086.203 GC heap after
Heap after GC invocations=33 (full 3):
 PSYoungGen      total 125952K, used 9013K [0x00000000e0000000, 0x00000000e9480000, 0x0000000100000000)
  eden space 103936K, 0% used [0x00000000e0000000,0x00000000e0000000,0x00000000e6580000)
  from space 22016K, 40% used [0x00000000e7f00000,0x00000000e87cd500,0x00000000e9480000)
  to   space 24064K, 0% used [0x00000000e6580000,0x00000000e6580000,0x00000000e7d00000)
 ParOldGen       total 167424K, used 48372K [0x00000000a0000000, 0x00000000aa380000, 0x00000000e0000000)
  object space 167424K, 28% used [0x00000000a0000000,0x00000000a2f3d028,0x00000000aa380000)
 Metaspace       used 68739K, capacity 72336K, committed 72576K, reserved 1112064K
  class space    used 8578K, capacity 9077K, committed 9088K, reserved 1048576K
}
Event: 4086.420 GC heap before
{Heap before GC invocations=34 (full 3):
 PSYoungGen      total 125952K, used 110621K [0x00000000e0000000, 0x00000000e9480000, 0x0000000100000000)
  eden space 103936K, 97% used [0x00000000e0000000,0x00000000e6339f28,0x00000000e6580000)
  from space 22016K, 40% used [0x00000000e7f00000,0x00000000e87cd500,0x00000000e9480000)
  to   space 24064K, 0% used [0x00000000e6580000,0x00000000e6580000,0x00000000e7d00000)
 ParOldGen       total 167424K, used 48372K [0x00000000a0000000, 0x00000000aa380000, 0x00000000e0000000)
  object space 167424K, 28% used [0x00000000a0000000,0x00000000a2f3d028,0x00000000aa380000)
 Metaspace       used 68752K, capacity 72342K, committed 72576K, reserved 1112064K
  class space    used 8579K, capacity 9078K, committed 9088K, reserved 1048576K
Event: 4086.425 GC heap after
Heap after GC invocations=34 (full 3):
 PSYoungGen      total 122368K, used 20248K [0x00000000e0000000, 0x00000000e9580000, 0x0000000100000000)
  eden space 101888K, 0% used [0x00000000e0000000,0x00000000e0000000,0x00000000e6380000)
  from space 20480K, 98% used [0x00000000e6580000,0x00000000e7946030,0x00000000e7980000)
  to   space 25600K, 0% used [0x00000000e7c80000,0x00000000e7c80000,0x00000000e9580000)
 ParOldGen       total 167424K, used 48452K [0x00000000a0000000, 0x00000000aa380000, 0x00000000e0000000)
  object space 167424K, 28% used [0x00000000a0000000,0x00000000a2f51028,0x00000000aa380000)
 Metaspace       used 68752K, capacity 72342K, committed 72576K, reserved 1112064K
  class space    used 8579K, capacity 9078K, committed 9088K, reserved 1048576K
}

Deoptimization events (10 events):
Event: 4085.616 Thread 0x0000000021b8c800 Uncommon trap: reason=array_check action=maybe_recompile pc=0x00000000056d9a00 method=java.util.ComparableTimSort.reverseRange([Ljava/lang/Object;II)V @ 20
Event: 4085.617 Thread 0x0000000021b8c800 Uncommon trap: reason=array_check action=maybe_recompile pc=0x00000000056d9a00 method=java.util.ComparableTimSort.reverseRange([Ljava/lang/Object;II)V @ 20
Event: 4085.619 Thread 0x0000000021b8c800 Uncommon trap: reason=array_check action=maybe_recompile pc=0x00000000056d9a00 method=java.util.ComparableTimSort.reverseRange([Ljava/lang/Object;II)V @ 20
Event: 4091.460 Thread 0x0000000021b8c800 Uncommon trap: reason=unloaded action=reinterpret pc=0x0000000004fd7a54 method=org.gradle.internal.reflect.JavaMethod.invoke(Ljava/lang/Object;[Ljava/lang/Object;)Ljava/lang/Object; @ 24
Event: 4091.469 Thread 0x0000000021b8c800 Uncommon trap: reason=unstable_if action=reinterpret pc=0x0000000004b563f4 method=java.io.ObjectOutputStream$BlockDataOutputStream.writeBytes(Ljava/lang/String;)V @ 22
Event: 4091.469 Thread 0x0000000021b8c800 Uncommon trap: reason=unstable_if action=reinterpret pc=0x0000000002dc01dc method=java.io.ObjectOutputStream$BlockDataOutputStream.writeBytes(Ljava/lang/String;)V @ 22
Event: 4091.470 Thread 0x0000000021b8c800 Uncommon trap: reason=unstable_if action=reinterpret pc=0x00000000045fee84 method=java.io.ObjectOutputStream$HandleTable.assign(Ljava/lang/Object;)I @ 24
Event: 4091.470 Thread 0x0000000021b8c800 Uncommon trap: reason=unstable_if action=reinterpret pc=0x0000000002e9d830 method=java.io.ObjectOutputStream$BlockDataOutputStream.writeBytes(Ljava/lang/String;)V @ 22
Event: 4091.479 Thread 0x0000000021b8c800 Uncommon trap: reason=class_check action=maybe_recompile pc=0x0000000005791910 method=java.util.Formatter$FormatSpecifier.print(Ljava/lang/Object;Ljava/util/Locale;)V @ 201
Event: 4091.479 Thread 0x0000000021b8c800 Uncommon trap: reason=bimorphic action=maybe_recompile pc=0x00000000026d295c method=org.gradle.internal.logging.text.AbstractStyledTextOutput.text(Ljava/lang/Object;)Lorg/gradle/internal/logging/text/StyledTextOutput; @ 11

Internal exceptions (10 events):
Event: 4085.487 Thread 0x0000000021b8c800 Exception <a 'sun/nio/fs/WindowsException'> (0x00000000e209e1e8) thrown at [C:\src\android\AOSP-openjdk\external\jetbrains\jdk\hotspot\src\share\vm\prims\jni.cpp, line 709]
Event: 4085.487 Thread 0x0000000021b8c800 Exception <a 'sun/nio/fs/WindowsException'> (0x00000000e209fe78) thrown at [C:\src\android\AOSP-openjdk\external\jetbrains\jdk\hotspot\src\share\vm\prims\jni.cpp, line 709]
Event: 4085.487 Thread 0x0000000021b8c800 Exception <a 'sun/nio/fs/WindowsException'> (0x00000000e20a0b10) thrown at [C:\src\android\AOSP-openjdk\external\jetbrains\jdk\hotspot\src\share\vm\prims\jni.cpp, line 709]
Event: 4091.458 Thread 0x0000000021b8c800 Exception <a 'java/io/FileNotFoundException'> (0x00000000e0456650) thrown at [C:\src\android\AOSP-openjdk\external\jetbrains\jdk\hotspot\src\share\vm\prims\jni.cpp, line 709]
Event: 4091.461 Thread 0x0000000021b8c800 Exception <a 'java/io/IOException'> (0x00000000e0461c18) thrown at [C:\src\android\AOSP-openjdk\external\jetbrains\jdk\hotspot\src\share\vm\prims\jni.cpp, line 709]
Event: 4091.462 Thread 0x0000000021b8c800 Exception <a 'java/io/IOException'> (0x00000000e0462858) thrown at [C:\src\android\AOSP-openjdk\external\jetbrains\jdk\hotspot\src\share\vm\prims\jni.cpp, line 709]
Event: 4091.462 Thread 0x0000000021b8c800 Exception <a 'java/io/IOException'> (0x00000000e0463418) thrown at [C:\src\android\AOSP-openjdk\external\jetbrains\jdk\hotspot\src\share\vm\prims\jni.cpp, line 709]
Event: 4091.468 Thread 0x0000000021b8c800 Exception <a 'java/lang/NoSuchMethodError': <clinit>> (0x00000000e054ad28) thrown at [C:\src\android\AOSP-openjdk\external\jetbrains\jdk\hotspot\src\share\vm\prims\jni.cpp, line 1613]
Event: 4091.469 Thread 0x0000000021b8c800 Exception <a 'java/lang/NoSuchMethodError': <clinit>> (0x00000000e0562970) thrown at [C:\src\android\AOSP-openjdk\external\jetbrains\jdk\hotspot\src\share\vm\prims\jni.cpp, line 1613]
Event: 4091.472 Thread 0x0000000021b8c800 Exception <a 'java/lang/NoSuchMethodError': <clinit>> (0x00000000e061bc00) thrown at [C:\src\android\AOSP-openjdk\external\jetbrains\jdk\hotspot\src\share\vm\prims\jni.cpp, line 1613]

Events (10 events):
Event: 4091.478 loading class org/gradle/internal/logging/text/BufferingStyledTextOutput$ChangeStyleAction done
Event: 4091.479 Thread 0x0000000021b8c800 Uncommon trap: trap_request=0xffffffde fr.pc=0x0000000005791910
Event: 4091.479 Thread 0x0000000021b8c800 DEOPT PACKING pc=0x0000000005791910 sp=0x000000003012d0b0
Event: 4091.479 Thread 0x0000000021b8c800 DEOPT UNPACKING pc=0x00000000025e556a sp=0x000000003012d058 mode 2
Event: 4091.479 Thread 0x0000000021b8c800 Uncommon trap: trap_request=0xffffffc6 fr.pc=0x00000000026d295c
Event: 4091.479 Thread 0x0000000021b8c800 DEOPT PACKING pc=0x00000000026d295c sp=0x000000003012d300
Event: 4091.479 Thread 0x0000000021b8c800 DEOPT UNPACKING pc=0x00000000025e556a sp=0x000000003012d2b0 mode 2
Event: 4091.479 loading class org/gradle/internal/logging/text/LinePrefixingStyledTextOutput
Event: 4091.479 loading class org/gradle/internal/logging/text/LinePrefixingStyledTextOutput done
Event: 4091.479 Executing VM operation: Deoptimize


Dynamic libraries:
0x00007ff746c60000 - 0x00007ff746c91000 	C:\Program Files\Android\Android Studio\jre\bin\java.exe
0x00007ffa25800000 - 0x00007ffa259db000 	C:\Windows\SYSTEM32\ntdll.dll
0x00007ffa25320000 - 0x00007ffa253ce000 	C:\Windows\System32\KERNEL32.DLL
0x00007ffa22610000 - 0x00007ffa22859000 	C:\Windows\System32\KERNELBASE.dll
0x00007ffa23580000 - 0x00007ffa23621000 	C:\Windows\System32\ADVAPI32.dll
0x00007ffa23a80000 - 0x00007ffa23b1d000 	C:\Windows\System32\msvcrt.dll
0x00007ffa230c0000 - 0x00007ffa23119000 	C:\Windows\System32\sechost.dll
0x00007ffa23b20000 - 0x00007ffa23c45000 	C:\Windows\System32\RPCRT4.dll
0x00007ffa23630000 - 0x00007ffa2377a000 	C:\Windows\System32\USER32.dll
0x00007ffa22a30000 - 0x00007ffa22a4e000 	C:\Windows\System32\win32u.dll
0x00007ffa25520000 - 0x00007ffa25547000 	C:\Windows\System32\GDI32.dll
0x00007ffa22b20000 - 0x00007ffa22ca7000 	C:\Windows\System32\gdi32full.dll
0x00007ffa21d70000 - 0x00007ffa21e0a000 	C:\Windows\System32\msvcp_win.dll
0x00007ffa22510000 - 0x00007ffa22606000 	C:\Windows\System32\ucrtbase.dll
0x00007ffa121d0000 - 0x00007ffa12437000 	C:\Windows\WinSxS\amd64_microsoft.windows.common-controls_6595b64144ccf1df_6.0.15063.483_none_26002d27e7c744a2\COMCTL32.dll
0x00007ffa23780000 - 0x00007ffa23a79000 	C:\Windows\System32\combase.dll
0x00007ffa22ab0000 - 0x00007ffa22b1a000 	C:\Windows\System32\bcryptPrimitives.dll
0x00007ffa257d0000 - 0x00007ffa257fd000 	C:\Windows\System32\IMM32.DLL
0x000000005b240000 - 0x000000005b312000 	C:\Program Files\Android\Android Studio\jre\jre\bin\msvcr100.dll
0x000000005a200000 - 0x000000005aa3c000 	C:\Program Files\Android\Android Studio\jre\jre\bin\server\jvm.dll
0x00007ffa22e10000 - 0x00007ffa22e18000 	C:\Windows\System32\PSAPI.DLL
0x00007ffa19df0000 - 0x00007ffa19dfa000 	C:\Windows\SYSTEM32\VERSION.dll
0x00007ffa20100000 - 0x00007ffa20123000 	C:\Windows\SYSTEM32\WINMM.dll
0x00007ffa15210000 - 0x00007ffa15219000 	C:\Windows\SYSTEM32\WSOCK32.dll
0x00007ffa1fe40000 - 0x00007ffa1fe6b000 	C:\Windows\SYSTEM32\winmmbase.dll
0x00007ffa21d20000 - 0x00007ffa21d69000 	C:\Windows\System32\cfgmgr32.dll
0x00007ffa25760000 - 0x00007ffa257cc000 	C:\Windows\System32\WS2_32.dll
0x00007ffa19610000 - 0x00007ffa1961f000 	C:\Program Files\Android\Android Studio\jre\jre\bin\verify.dll
0x00007ffa07850000 - 0x00007ffa07879000 	C:\Program Files\Android\Android Studio\jre\jre\bin\java.dll
0x00007ffa195f0000 - 0x00007ffa19606000 	C:\Program Files\Android\Android Studio\jre\jre\bin\zip.dll
0x00007ffa23ed0000 - 0x00007ffa25306000 	C:\Windows\System32\SHELL32.dll
0x00007ffa22d60000 - 0x00007ffa22e0a000 	C:\Windows\System32\shcore.dll
0x00007ffa21e10000 - 0x00007ffa22501000 	C:\Windows\System32\windows.storage.dll
0x00007ffa25640000 - 0x00007ffa25691000 	C:\Windows\System32\shlwapi.dll
0x00007ffa21c90000 - 0x00007ffa21ca1000 	C:\Windows\System32\kernel.appcore.dll
0x00007ffa21cb0000 - 0x00007ffa21cfc000 	C:\Windows\System32\powrprof.dll
0x00007ffa21c70000 - 0x00007ffa21c85000 	C:\Windows\System32\profapi.dll
0x00007ffa16f40000 - 0x00007ffa16f5a000 	C:\Program Files\Android\Android Studio\jre\jre\bin\net.dll
0x00007ffa21580000 - 0x00007ffa215dc000 	C:\Windows\system32\mswsock.dll
0x00007ffa16d30000 - 0x00007ffa16d41000 	C:\Program Files\Android\Android Studio\jre\jre\bin\nio.dll
0x00007ffa030f0000 - 0x00007ffa0310e000 	C:\Users\japan\.gradle\native\23\windows-amd64\native-platform.dll
0x00007ffa21730000 - 0x00007ffa21747000 	C:\Windows\SYSTEM32\CRYPTSP.dll
0x00007ffa211a0000 - 0x00007ffa211d4000 	C:\Windows\system32\rsaenh.dll
0x00007ffa21830000 - 0x00007ffa21855000 	C:\Windows\SYSTEM32\bcrypt.dll
0x00007ffa21ba0000 - 0x00007ffa21bc9000 	C:\Windows\SYSTEM32\USERENV.dll
0x00007ffa21720000 - 0x00007ffa2172b000 	C:\Windows\SYSTEM32\CRYPTBASE.dll
0x00007ffa21320000 - 0x00007ffa21357000 	C:\Windows\SYSTEM32\IPHLPAPI.DLL
0x00007ffa25310000 - 0x00007ffa25318000 	C:\Windows\System32\NSI.dll
0x00007ffa198f0000 - 0x00007ffa19906000 	C:\Windows\SYSTEM32\dhcpcsvc6.DLL
0x00007ffa19ac0000 - 0x00007ffa19ada000 	C:\Windows\SYSTEM32\dhcpcsvc.DLL
0x00007ffa176d0000 - 0x00007ffa176dd000 	C:\Program Files\Android\Android Studio\jre\jre\bin\management.dll
0x00007ff9fa3f0000 - 0x00007ff9fa414000 	C:\Program Files\Android\Android Studio\jre\jre\bin\sunec.dll
0x00007ffa11620000 - 0x00007ffa1162b000 	C:\Program Files\Android\Android Studio\jre\jre\bin\sunmscapi.dll
0x00007ffa22860000 - 0x00007ffa22a29000 	C:\Windows\System32\CRYPT32.dll
0x00007ffa21d00000 - 0x00007ffa21d11000 	C:\Windows\System32\MSASN1.dll
0x00007ffa20e80000 - 0x00007ffa20eb1000 	C:\Windows\SYSTEM32\ntmarta.dll
0x00007ffa21b70000 - 0x00007ffa21ba0000 	C:\Windows\SYSTEM32\SspiCli.dll
0x00007ffa1db40000 - 0x00007ffa1dce9000 	C:\Windows\SYSTEM32\dbghelp.dll

VM Arguments:
jvm_args: -Xmx1536m -Dfile.encoding=windows-1252 -Duser.country=US -Duser.language=en -Duser.variant 
java_command: org.gradle.launcher.daemon.bootstrap.GradleDaemon 3.3
java_class_path (initial): C:\Users\japan\.gradle\wrapper\dists\gradle-3.3-all\55gk2rcmfc6p2dg9u9ohc3hw9\gradle-3.3\lib\gradle-launcher-3.3.jar
Launcher Type: SUN_STANDARD

Environment Variables:
PATH=C:\Program Files (x86)\Intel\iCLS Client\;C:\Program Files\Intel\iCLS Client\;C:\Windows\system32;C:\Windows;C:\Windows\System32\Wbem;C:\Windows\System32\WindowsPowerShell\v1.0\;C:\Program Files (x86)\Intel\Intel(R) Management Engine Components\DAL;C:\Program Files\Intel\Intel(R) Management Engine Components\DAL;C:\Program Files (x86)\Intel\Intel(R) Management Engine Components\IPT;C:\Program Files\Intel\Intel(R) Management Engine Components\IPT;C:\Program Files (x86)\NVIDIA Corporation\PhysX\Common;C:\Program Files (x86)\Windows Kits\10\Windows Performance Toolkit\;C:\Users\japan\AppData\Local\Microsoft\WindowsApps;
USERNAME=Vincent
OS=Windows_NT
PROCESSOR_IDENTIFIER=Intel64 Family 6 Model 158 Stepping 9, GenuineIntel



---------------  S Y S T E M  ---------------

OS: Windows 10.0 , 64 bit Build 15063 (10.0.15063.296)

CPU:total 8 (4 cores per cpu, 2 threads per core) family 6 model 158 stepping 9, cmov, cx8, fxsr, mmx, sse, sse2, sse3, ssse3, sse4.1, sse4.2, popcnt, avx, avx2, aes, clmul, erms, 3dnowpref, lzcnt, ht, tsc, tscinvbit, bmi1, bmi2, adx

Memory: 4k page, physical 8237020k(1720528k free), swap 13262500k(1643388k free)

vm_info: OpenJDK 64-Bit Server VM (25.112-b06) for windows-amd64 JRE (1.8.0_112-release-b06), built on Dec  8 2016 00:54:26 by "builder" with MS VC++ 10.0 (VS2010)

time: Thu Oct 26 11:29:57 2017
elapsed time: 4091 seconds (0d 1h 8m 11s)

